Determining if the pthread_create exist failed with the following output:
Change Dir: /home/tertiary/my_ros_ws/build/CMakeFiles/CMakeTmp

Run Build Command:"/usr/bin/make" "cmTC_156ae/fast"
/usr/bin/make -f CMakeFiles/cmTC_156ae.dir/build.make CMakeFiles/cmTC_156ae.dir/build
make[1]: Entering directory '/home/tertiary/my_ros_ws/build/CMakeFiles/CMakeTmp'
Building C object CMakeFiles/cmTC_156ae.dir/CheckSymbolExists.c.o
/usr/bin/cc     -o CMakeFiles/cmTC_156ae.dir/CheckSymbolExists.c.o   -c /home/tertiary/my_ros_ws/build/CMakeFiles/CMakeTmp/CheckSymbolExists.c
Linking C executable cmTC_156ae
/usr/bin/cmake -E cmake_link_script CMakeFiles/cmTC_156ae.dir/link.txt --verbose=1
/usr/bin/cc       CMakeFiles/cmTC_156ae.dir/CheckSymbolExists.c.o  -o cmTC_156ae -rdynamic 
CMakeFiles/cmTC_156ae.dir/CheckSymbolExists.c.o: In function `main':
CheckSymbolExists.c:(.text+0x16): undefined reference to `pthread_create'
collect2: error: ld returned 1 exit status
CMakeFiles/cmTC_156ae.dir/build.make:97: recipe for target 'cmTC_156ae' failed
make[1]: *** [cmTC_156ae] Error 1
make[1]: Leaving directory '/home/tertiary/my_ros_ws/build/CMakeFiles/CMakeTmp'
Makefile:126: recipe for target 'cmTC_156ae/fast' failed
make: *** [cmTC_156ae/fast] Error 2

File /home/tertiary/my_ros_ws/build/CMakeFiles/CMakeTmp/CheckSymbolExists.c:
/* */
#include <pthread.h>

int main(int argc, char** argv)
{
  (void)argv;
#ifndef pthread_create
  return ((int*)(&pthread_create))[argc];
#else
  (void)argc;
  return 0;
#endif
}

Determining if the function pthread_create exists in the pthreads failed with the following output:
Change Dir: /home/tertiary/my_ros_ws/build/CMakeFiles/CMakeTmp

Run Build Command:"/usr/bin/make" "cmTC_442fe/fast"
/usr/bin/make -f CMakeFiles/cmTC_442fe.dir/build.make CMakeFiles/cmTC_442fe.dir/build
make[1]: Entering directory '/home/tertiary/my_ros_ws/build/CMakeFiles/CMakeTmp'
Building C object CMakeFiles/cmTC_442fe.dir/CheckFunctionExists.c.o
/usr/bin/cc    -DCHECK_FUNCTION_EXISTS=pthread_create   -o CMakeFiles/cmTC_442fe.dir/CheckFunctionExists.c.o   -c /usr/share/cmake-3.5/Modules/CheckFunctionExists.c
Linking C executable cmTC_442fe
/usr/bin/cmake -E cmake_link_script CMakeFiles/cmTC_442fe.dir/link.txt --verbose=1
/usr/bin/cc   -DCHECK_FUNCTION_EXISTS=pthread_create    CMakeFiles/cmTC_442fe.dir/CheckFunctionExists.c.o  -o cmTC_442fe -rdynamic -lpthreads 
/usr/bin/ld: cannot find -lpthreads
collect2: error: ld returned 1 exit status
CMakeFiles/cmTC_442fe.dir/build.make:97: recipe for target 'cmTC_442fe' failed
make[1]: *** [cmTC_442fe] Error 1
make[1]: Leaving directory '/home/tertiary/my_ros_ws/build/CMakeFiles/CMakeTmp'
Makefile:126: recipe for target 'cmTC_442fe/fast' failed
make: *** [cmTC_442fe/fast] Error 2


